==16830== Memcheck, a memory error detector
==16830== Copyright (C) 2002-2017, and GNU GPL'd, by Julian Seward et al.
==16830== Using Valgrind-3.13.0 and LibVEX; rerun with -h for copyright info
==16830== Command: bin/spacegame
==16830== Parent PID: 22792
==16830== 
==16830== Invalid read of size 8
==16830==    at 0x10A54F: destroyRenderQueue (render.c:97)
==16830==    by 0x1092A3: main (spacegame.c:95)
==16830==  Address 0x104f1020 is 16 bytes inside a block of size 24 free'd
==16830==    at 0x4C30D3B: free (in /usr/lib/valgrind/vgpreload_memcheck-amd64-linux.so)
==16830==    by 0x5366B35: List_remove (in /home/chuck/.local/lib/chuck/list/liblist.so)
==16830==    by 0x10A538: destroyRenderQueue (render.c:95)
==16830==    by 0x1092A3: main (spacegame.c:95)
==16830==  Block was alloc'd at
==16830==    at 0x4C2FB0F: malloc (in /usr/lib/valgrind/vgpreload_memcheck-amd64-linux.so)
==16830==    by 0x53669E2: List_push (in /home/chuck/.local/lib/chuck/list/liblist.so)
==16830==    by 0x10A19A: addToRender (render.c:20)
==16830==    by 0x1099BB: shoot (player.c:102)
==16830==    by 0x10920A: main (spacegame.c:61)
==16830== 
{
   <insert_a_suppression_name_here>
   Memcheck:Addr8
   fun:destroyRenderQueue
   fun:main
}
==16830== 
==16830== HEAP SUMMARY:
==16830==     in use at exit: 62,076 bytes in 625 blocks
==16830==   total heap usage: 23,969 allocs, 23,344 frees, 714,792,111 bytes allocated
==16830== 
==16830== LEAK SUMMARY:
==16830==    definitely lost: 0 bytes in 0 blocks
==16830==    indirectly lost: 0 bytes in 0 blocks
==16830==      possibly lost: 0 bytes in 0 blocks
==16830==    still reachable: 0 bytes in 0 blocks
==16830==         suppressed: 62,076 bytes in 625 blocks
==16830== 
==16830== For counts of detected and suppressed errors, rerun with: -v
==16830== ERROR SUMMARY: 5 errors from 1 contexts (suppressed: 8 from 4)
